touch a b
Working tree:
	?? main/basics/ignore/a.txt
	?? main/basics/ignore/b.tmp

.gitignore
Working tree:
	?? main/basics/ignore/.gitignore
	?? main/basics/ignore/a.txt

git add .
	A  main/basics/ignore/.gitignore
	A  main/basics/ignore/a.txt

git commit
Repository:
	On branch main
	nothing to commit, working tree clean

git rm .gitignore
git rm a
rm b
Repository:
	D  main/basics/ignore/.gitignore
	D  main/basics/ignore/a.txt

git commit
Repository:
	On branch main
	nothing to commit, working tree clean
