touch / Working tree:
	 D main/basics/removing_files/output.log
	?? main/basics/ignoring_files/a.txt
	?? main/basics/ignoring_files/b.tmp

.gitignore / Working tree:
	 D main/basics/removing_files/output.log
	?? main/basics/ignoring_files/.gitignore
	?? main/basics/ignoring_files/a.txt

git commit / Repository:
	On branch main
	Changes not staged for commit:
	  (use "git add/rm <file>..." to update what will be committed)
	  (use "git restore <file>..." to discard changes in working directory)
		deleted:    ../removing_files/output.log
	
	no changes added to commit (use "git add" and/or "git commit -a")

git rm / Repository:
	D  main/basics/ignoring_files/.gitignore
	D  main/basics/ignoring_files/a.txt
	 D main/basics/removing_files/output.log

git commit / Repository:
	On branch main
	Changes not staged for commit:
	  (use "git add/rm <file>..." to update what will be committed)
	  (use "git restore <file>..." to discard changes in working directory)
		deleted:    ../removing_files/output.log
	
	no changes added to commit (use "git add" and/or "git commit -a")
