Working tree:
	On branch main
	Untracked files:
	  (use "git add <file>..." to include in what will be committed)
		myfile.tmp
	
	nothing added to commit but untracked files present (use "git add" to track)
Staging area:
	On branch main
	Changes to be committed:
	  (use "git restore --staged <file>..." to unstage)
		new file:   myfile.tmp
	
Repository:
	On branch main
	nothing to commit, working tree clean
Staging area:
	On branch main
	Changes to be committed:
	  (use "git restore --staged <file>..." to unstage)
		deleted:    myfile.tmp
	
Repository:
	On branch main
	nothing to commit, working tree clean
