touch
	 D main/basics/ignoring_files/ignoring_files.log
	 D main/basics/ignoring_files/ignoring_files.sh
	 D main/basics/removing_files/removing_files.log
	 D main/basics/removing_files/removing_files.sh
	?? main/basics/ignore/
	?? main/basics/remove/

git add
git rm --cached
	 D main/basics/ignoring_files/ignoring_files.log
	 D main/basics/ignoring_files/ignoring_files.sh
	 D main/basics/removing_files/removing_files.log
	 D main/basics/removing_files/removing_files.sh
	?? main/basics/ignore/
	?? main/basics/remove/

git add
git rm -f
	On branch main
	Changes not staged for commit:
	  (use "git add/rm <file>..." to update what will be committed)
	  (use "git restore <file>..." to discard changes in working directory)
		deleted:    ../ignoring_files/ignoring_files.log
		deleted:    ../ignoring_files/ignoring_files.sh
		deleted:    ../removing_files/removing_files.log
		deleted:    ../removing_files/removing_files.sh
	
	Untracked files:
	  (use "git add <file>..." to include in what will be committed)
		../ignore/
		./
	
	no changes added to commit (use "git add" and/or "git commit -a")
