touch
rm 'main/basics/removing_files/myfile'
On branch main
Untracked files:
  (use "git add <file>..." to include in what will be committed)
	removing_files.sh

nothing added to commit but untracked files present (use "git add" to track)
rm 'main/basics/removing_files/myfile2'
On branch main
Untracked files:
  (use "git add <file>..." to include in what will be committed)
	myfile2
	removing_files.sh

nothing added to commit but untracked files present (use "git add" to track)
On branch main
Untracked files:
  (use "git add <file>..." to include in what will be committed)
	myfile
	myfile2
	removing_files.sh

nothing added to commit but untracked files present (use "git add" to track)
