touch
	 M main/basics/reset/reset.sh
	?? main/basics/reset/a.txt

git add
	A  main/basics/reset/a.txt
	M  main/basics/reset/reset.sh

git commit
	[main 5b89ca4] My commit
	 2 files changed, 7 insertions(+), 2 deletions(-)
	 create mode 100644 main/basics/reset/a.txt

git last log
	5b89ca4 My commit

Reset soft ~1
	A  main/basics/reset/a.txt
	M  main/basics/reset/reset.sh

Reset ~1
Unstaged changes after reset:
M	main/basics/reset/reset.sh
	 M main/basics/reset/reset.sh
	?? main/basics/reset/a.txt

--- Clean up ---
touch
	D  main/basics/reset/a.txt
	?? main/basics/reset/a.txt

git add

git commit
On branch main
nothing to commit, working tree clean
Reset hard ~1
HEAD is now at 0d38a35 output.sh - update repo

On branch main
nothing to commit, working tree clean
