touch
	 M main/basics/reset/reset.sh
	?? main/basics/reset/a.txt

git add
	A  main/basics/reset/a.txt
	M  main/basics/reset/reset.sh

	[main 13e5253] My commit
	 2 files changed, 3 insertions(+), 3 deletions(-)
	 create mode 100644 main/basics/reset/a.txt

git commit
	On branch main
	nothing to commit, working tree clean

git last log
	13e5253 My commit

Reset soft ~1
	A  main/basics/reset/a.txt
	M  main/basics/reset/reset.sh

git commit
	On branch main
	nothing to commit, working tree clean

	Unstaged changes after reset:
	M	main/basics/reset/reset.sh

Reset ~1
	 M main/basics/reset/reset.sh
	?? main/basics/reset/a.txt

git commit
	On branch main
	nothing to commit, working tree clean
